<?xml version="1.0" encoding="UTF-8"?>
<testsuite name="UseremailvalidateTest" tests="18" skipped="0" failures="0" errors="0" timestamp="2020-11-26T07:55:17" hostname="DESKTOP-J9DM2GE" time="0.021">
  <properties/>
  <testcase name="emailsamplestest[0]" classname="UseremailvalidateTest" time="0.004"/>
  <testcase name="emailsamplestest[1]" classname="UseremailvalidateTest" time="0.0"/>
  <testcase name="emailsamplestest[2]" classname="UseremailvalidateTest" time="0.001"/>
  <testcase name="emailsamplestest[3]" classname="UseremailvalidateTest" time="0.001"/>
  <testcase name="emailsamplestest[4]" classname="UseremailvalidateTest" time="0.001"/>
  <testcase name="emailsamplestest[5]" classname="UseremailvalidateTest" time="0.001"/>
  <testcase name="emailsamplestest[6]" classname="UseremailvalidateTest" time="0.0"/>
  <testcase name="emailsamplestest[7]" classname="UseremailvalidateTest" time="0.0"/>
  <testcase name="emailsamplestest[8]" classname="UseremailvalidateTest" time="0.001"/>
  <testcase name="emailsamplestest[9]" classname="UseremailvalidateTest" time="0.0"/>
  <testcase name="emailsamplestest[10]" classname="UseremailvalidateTest" time="0.0"/>
  <testcase name="emailsamplestest[11]" classname="UseremailvalidateTest" time="0.0"/>
  <testcase name="emailsamplestest[12]" classname="UseremailvalidateTest" time="0.0"/>
  <testcase name="emailsamplestest[13]" classname="UseremailvalidateTest" time="0.0"/>
  <testcase name="emailsamplestest[14]" classname="UseremailvalidateTest" time="0.001"/>
  <testcase name="emailsamplestest[15]" classname="UseremailvalidateTest" time="0.001"/>
  <testcase name="emailsamplestest[16]" classname="UseremailvalidateTest" time="0.001"/>
  <testcase name="emailsamplestest[17]" classname="UseremailvalidateTest" time="0.001"/>
  <system-out><![CDATA[valid email address
valid email address
valid email address
valid email address
valid email address
valid email address
valid email address
valid email address
Invalid email address
Invalid email address
Invalid email address
Invalid email address
Invalid email address
Invalid email address
valid email address
Invalid email address
valid email address
Invalid email address
]]></system-out>
  <system-err><![CDATA[]]></system-err>
</testsuite>
