<?xml version="1.0" encoding="UTF-8"?>
<testsuite name="UservalidateTest" tests="1" skipped="0" failures="0" errors="0" timestamp="2020-11-26T10:40:42" hostname="DESKTOP-J9DM2GE" time="0.006">
  <properties/>
  <testcase name="FirstName_Check_istrue" classname="UservalidateTest" time="0.006"/>
  <system-out><![CDATA[]]></system-out>
  <system-err><![CDATA[]]></system-err>
</testsuite>
